<?xml version="1.0" encoding="UTF-8"?>
<!-- Generated by org.testng.reporters.JUnitXMLReporter -->
<testsuite ignored="0" hostname="DESKTOP-835H1HG" failures="0" tests="10" name="Default XmlTest name 24b50c01-3e3d-4548-a7c1-6ffa3794e349" time="745.907" errors="0" timestamp="2024-02-29T14:26:58 IST">
  <testcase classname="org.testing.TestScripts.Trending" name="Clickontrending" time="57.276"/>
  <testcase classname="org.testing.TestScripts.History" name="ClickonHistory" time="60.278"/>
  <testcase classname="org.testing.TestScripts.Subscriptions" name="ClickonSubcription" time="52.402"/>
  <testcase classname="org.testing.TestScripts.videoplaylike" name="videoplayandliked" time="63.149"/>
  <testcase classname="org.testing.TestScripts.videoplaySubscribedChan" name="videoplayChan" time="65.817"/>
  <testcase classname="org.testing.TestScripts.Youbutton" name="You" time="58.305"/>
  <testcase classname="org.testing.TestScripts.Sorts" name="ClickonSortsbutton" time="52.272"/>
  <testcase classname="org.testing.TestScripts.Likedvideo" name="likedvideo" time="53.798"/>
  <testcase classname="org.testing.TestScripts.Homebutton" name="clickonHomebutton" time="57.238"/>
  <testcase classname="org.testing.TestScripts.Assertions" name="test" time="0.035"/>
</testsuite> <!-- Default XmlTest name 24b50c01-3e3d-4548-a7c1-6ffa3794e349 -->
