<?xml version="1.0" encoding="UTF-8"?>
<!-- Generated by org.testng.reporters.JUnitXMLReporter -->
<testsuite ignored="0" hostname="DESKTOP-835H1HG" failures="0" tests="10" name="Default XmlTest name 8e06b1ca-c5ec-4fa7-b825-527c72da3ee1" time="706.614" errors="0" timestamp="2024-02-22T16:38:11 IST">
  <testcase classname="org.testing.TestScripts.Trending" name="Clickontrending" time="55.229"/>
  <testcase classname="org.testing.TestScripts.History" name="ClickonHistory" time="53.084"/>
  <testcase classname="org.testing.TestScripts.Subscriptions" name="ClickonSubcription" time="51.842"/>
  <testcase classname="org.testing.TestScripts.videoplaylike" name="videoplayandliked" time="69.178"/>
  <testcase classname="org.testing.TestScripts.videoplaySubscribedChan" name="videoplayChan" time="64.979"/>
  <testcase classname="org.testing.TestScripts.Youbutton" name="You" time="58.4"/>
  <testcase classname="org.testing.TestScripts.Sorts" name="ClickonSortsbutton" time="50.863"/>
  <testcase classname="org.testing.TestScripts.Likedvideo" name="likedvideo" time="54.517"/>
  <testcase classname="org.testing.TestScripts.Homebutton" name="clickonHomebutton" time="52.536"/>
  <testcase classname="org.testing.TestScripts.Assertions" name="test" time="0.013"/>
</testsuite> <!-- Default XmlTest name 8e06b1ca-c5ec-4fa7-b825-527c72da3ee1 -->
