<?xml version="1.0" encoding="UTF-8"?>
<!-- Generated by org.testng.reporters.JUnitXMLReporter -->
<testsuite ignored="0" hostname="DESKTOP-835H1HG" failures="0" tests="8" name="Default XmlTest name ae1dde44-54f1-4088-9e93-2b6c49e1aa1d" time="347.073" errors="0" timestamp="2024-02-22T14:40:13 IST">
  <testcase classname="org.testing.TestScripts.TC1" name="videoplay" time="65.401"/>
  <testcase classname="org.testing.TestScripts.TC2" name="videoplay" time="16.184"/>
  <testcase classname="org.testing.TestScripts.TC3" name="videoplay" time="16.189"/>
  <testcase classname="org.testing.TestScripts.TC4" name="videoplay" time="15.93"/>
  <testcase classname="org.testing.TestScripts.TC5" name="videoplay" time="15.959"/>
  <testcase classname="org.testing.TestScripts.TC6" name="videoplay" time="16.07"/>
  <testcase classname="org.testing.TestScripts.TC7" name="videoplay" time="15.997"/>
  <testcase classname="org.testing.TestScripts.TC8" name="videoplay" time="15.912"/>
</testsuite> <!-- Default XmlTest name ae1dde44-54f1-4088-9e93-2b6c49e1aa1d -->
